#
# An unexpected error has been detected by Java Runtime Environment:
#
#  EXCEPTION_ACCESS_VIOLATION (0xc0000005) at pc=0x7c911a42, pid=4076, tid=3528
#
# Java VM: Java HotSpot(TM) Client VM (11.2-b01 mixed mode windows-x86)
# Problematic frame:
# C  [ntdll.dll+0x11a42]
#
# If you would like to submit a bug report, please visit:
#   http://java.sun.com/webapps/bugreport/crash.jsp
# The crash happened outside the Java Virtual Machine in native code.
# See problematic frame for where to report the bug.
#

---------------  T H R E A D  ---------------

Current thread (0x0e7fe800):  JavaThread "Thread-620" [_thread_in_native, id=3528, stack(0x27d40000,0x27dc0000)]

siginfo: ExceptionCode=0xc0000005, reading address 0x00470042

Registers:
EAX=0x00060230, EBX=0x00060000, ECX=0x7ff90000, EDX=0x00060608
ESP=0x27dbcba4, EBP=0x27dbcdc4, ESI=0x0047003d, EDI=0x00000017
EIP=0x7c911a42, EFLAGS=0x00010212

Top of Stack: (sp=0x27dbcba4)
0x27dbcba4:   00000000 27dbce6c 00000000 00000000
0x27dbcbb4:   27dbcbfc 7c90e920 7c910060 ffffffff
0x27dbcbc4:   00060000 7c80996a 00060000 00000000
0x27dbcbd4:   7c80997d 00000000 00000050 00000004
0x27dbcbe4:   27dbcb40 000d5ff0 27dbcc34 7c90e920
0x27dbcbf4:   7c910060 ffffffff 7c91005d 7c80996a
0x27dbcc04:   00060000 00000000 7c80997d 27dbcce8
0x27dbcc14:   000ac3a8 00000000 0001a16e 0000000a 

Instructions: (pc=0x7c911a42)
0x7c911a32:   03 00 e9 12 94 00 00 8b 70 04 83 ee 08 89 75 c8
0x7c911a42:   8a 46 05 88 45 e3 8d 4e 08 8b 39 89 bd 48 fe ff 


Stack: [0x27d40000,0x27dc0000],  sp=0x27dbcba4,  free space=498k
Native frames: (J=compiled Java code, j=interpreted, Vv=VM code, C=native code)
C  [ntdll.dll+0x11a42]
C  [ntdll.dll+0x104d4]
C  [ntdll.dll+0x149af]
C  [ADVAPI32.dll+0xdf70]
C  [ADVAPI32.dll+0xdf30]
C  [ADVAPI32.dll+0xdd43]
C  [ADVAPI32.dll+0xe06e]
C  [ADVAPI32.dll+0xe0ae]
C  [ADVAPI32.dll+0x706b]
C  [SHLWAPI.dll+0x42c7]
C  [SHLWAPI.dll+0x4499]
C  [SHLWAPI.dll+0x43c9]
C  [SHLWAPI.dll+0x6e6e]
C  [SHELL32.dll+0x34ab4]
C  [SHELL32.dll+0x34935]
C  [SHELL32.dll+0x2f809]
C  [comdlg32.dll+0x5c53]
C  [comdlg32.dll+0xc314]
C  [comdlg32.dll+0x3678]
C  [USER32.dll+0x8709]
C  [USER32.dll+0x151cd]
C  [USER32.dll+0x14af2]
C  [USER32.dll+0x14d1c]
C  [USER32.dll+0x8709]
C  [USER32.dll+0x87eb]
C  [USER32.dll+0xb743]
C  [USER32.dll+0x158ef]
C  [USER32.dll+0x16877]
C  [USER32.dll+0x168cc]
C  [USER32.dll+0x225b3]
C  [comdlg32.dll+0x35de]
C  [comdlg32.dll+0x33e5]
C  [comdlg32.dll+0x33bc]
C  [comdlg32.dll+0x3236]
C  [comdlg32.dll+0x313a]
C  [nativejava.dll+0x7e69]
C  [nativejava.dll+0xef42]
j  com.mathworks.util.NativeJava.createWindowsFileDialogMulti(JZLjava/lang/String;Ljava/lang/String;Ljava/lang/String;Ljava/lang/String;ZZLjava/lang/String;)Ljava/lang/String;+0
j  com.mathworks.mwswing.MJFileChooserPerPlatform$RunnableWindowsDispatch.run()V+47
j  java.lang.Thread.run()V+11
v  ~StubRoutines::call_stub

Java frames: (J=compiled Java code, j=interpreted, Vv=VM code)
j  com.mathworks.util.NativeJava.createWindowsFileDialogMulti(JZLjava/lang/String;Ljava/lang/String;Ljava/lang/String;Ljava/lang/String;ZZLjava/lang/String;)Ljava/lang/String;+0
j  com.mathworks.mwswing.MJFileChooserPerPlatform$RunnableWindowsDispatch.run()V+47
j  java.lang.Thread.run()V+11
v  ~StubRoutines::call_stub

---------------  P R O C E S S  ---------------

Java Threads: ( => current thread )
=>0x0e7fe800 JavaThread "Thread-620" [_thread_in_native, id=3528, stack(0x27d40000,0x27dc0000)]
  0x0e9d0400 JavaThread "Thread-616" [_thread_blocked, id=2760, stack(0x27cc0000,0x27d40000)]
  0x0e8c3400 JavaThread "Thread-453" [_thread_blocked, id=3912, stack(0x27c40000,0x27cc0000)]
  0x0ad27400 JavaThread "Thread-436" [_thread_blocked, id=3400, stack(0x27b40000,0x27bc0000)]
  0x0ac83400 JavaThread "Thread-402" [_thread_blocked, id=2860, stack(0x06000000,0x06080000)]
  0x0a970400 JavaThread "Thread-332" [_thread_blocked, id=3264, stack(0x27bc0000,0x27c40000)]
  0x0a97bc00 JavaThread "Thread-316" [_thread_blocked, id=728, stack(0x27240000,0x272c0000)]
  0x0ab35c00 JavaThread "Thread-298" [_thread_blocked, id=3012, stack(0x272c0000,0x27340000)]
  0x0aa9ac00 JavaThread "Prefs Updater" daemon [_thread_blocked, id=3608, stack(0x05f80000,0x06000000)]
  0x0aa96000 JavaThread "Foxtrot Single Worker Thread #1" daemon [_thread_blocked, id=1424, stack(0x0bc50000,0x0bcd0000)]
  0x0a86b800 JavaThread "Thread-9" [_thread_blocked, id=2672, stack(0x0b1f0000,0x0b270000)]
  0x0a841400 JavaThread "Active Reference Queue Daemon" daemon [_thread_blocked, id=3104, stack(0x0b7d0000,0x0b850000)]
  0x0a88b400 JavaThread "Timer-2" daemon [_thread_blocked, id=2940, stack(0x0b5d0000,0x0b650000)]
  0x0a853400 JavaThread "FelixPackageAdmin" daemon [_thread_blocked, id=1908, stack(0x0b750000,0x0b7d0000)]
  0x0a8c6800 JavaThread "FelixStartLevel" daemon [_thread_blocked, id=2488, stack(0x0b6d0000,0x0b750000)]
  0x0aa0c400 JavaThread "FelixDispatchQueue" daemon [_thread_blocked, id=2440, stack(0x0b650000,0x0b6d0000)]
  0x0a96a400 JavaThread "Timer-1" daemon [_thread_blocked, id=3704, stack(0x0b550000,0x0b5d0000)]
  0x0a6f1800 JavaThread "TimerQueue" daemon [_thread_blocked, id=3532, stack(0x0b390000,0x0b410000)]
  0x0a3a4800 JavaThread "AWT-EventQueue-0" [_thread_blocked, id=2444, stack(0x0b300000,0x0b380000)]
  0x0332b000 JavaThread "AWT-Shutdown" [_thread_blocked, id=2408, stack(0x0b280000,0x0b300000)]
  0x0a65f400 JavaThread "Timer-0" [_thread_blocked, id=2912, stack(0x0aed0000,0x0af50000)]
  0x0a65b400 JavaThread "AWT-Windows" daemon [_thread_in_native, id=3556, stack(0x0ae30000,0x0aeb0000)]
  0x0a65a800 JavaThread "Java2D Disposer" daemon [_thread_blocked, id=1604, stack(0x0ad30000,0x0adb0000)]
  0x0339fc00 JavaThread "JMI Unnamed Thread" [_thread_in_native, id=624, stack(0x03c80000,0x04480000)]
  0x0333c000 JavaThread "Low Memory Detector" daemon [_thread_blocked, id=1876, stack(0x096a0000,0x09720000)]
  0x03336c00 JavaThread "CompilerThread0" daemon [_thread_blocked, id=2336, stack(0x08ea0000,0x096a0000)]
  0x03335800 JavaThread "Attach Listener" daemon [_thread_blocked, id=284, stack(0x08e20000,0x08ea0000)]
  0x03325800 JavaThread "Finalizer" daemon [_thread_blocked, id=2640, stack(0x08da0000,0x08e20000)]
  0x03320c00 JavaThread "Reference Handler" daemon [_thread_blocked, id=2484, stack(0x08d20000,0x08da0000)]
  0x032a0400 JavaThread "main" [_thread_in_native, id=2964, stack(0x00430000,0x00c30000)]

Other Threads:
  0x0331c000 VMThread [stack: 0x08520000,0x08d20000] [id=3960]
  0x03347400 WatcherThread [stack: 0x09720000,0x09f20000] [id=3460]

VM state:not at safepoint (normal execution)

VM Mutex/Monitor currently owned by a thread: None

Heap
 def new generation   total 23296K, used 21390K [0x10010000, 0x11950000, 0x12010000)
  eden space 20736K,  98% used [0x10010000, 0x113ec7f0, 0x11450000)
  from space 2560K,  41% used [0x116d0000, 0x117d71f0, 0x11950000)
  to   space 2560K,   0% used [0x11450000, 0x11450000, 0x116d0000)
 tenured generation   total 77424K, used 67026K [0x12010000, 0x16bac000, 0x18010000)
   the space 77424K,  86% used [0x12010000, 0x16184918, 0x16184a00, 0x16bac000)
 compacting perm gen  total 33024K, used 32771K [0x18010000, 0x1a050000, 0x1c010000)
   the space 33024K,  99% used [0x18010000, 0x1a010f18, 0x1a011000, 0x1a050000)
No shared spaces configured.

Dynamic libraries:
0x00400000 - 0x00425000 	C:\Program Files\MATLAB\R2010a\bin\win32\MATLAB.exe
0x7c900000 - 0x7c9b1000 	C:\WINDOWS\system32\ntdll.dll
0x7c800000 - 0x7c8f5000 	C:\WINDOWS\system32\kernel32.dll
0x7b940000 - 0x7b9ec000 	C:\Program Files\MATLAB\R2010a\bin\win32\libut.dll
0x76c80000 - 0x76ca8000 	C:\WINDOWS\system32\imagehlp.dll
0x77c00000 - 0x77c58000 	C:\WINDOWS\system32\msvcrt.dll
0x76be0000 - 0x76beb000 	C:\WINDOWS\system32\PSAPI.DLL
0x7bfa0000 - 0x7bfbf000 	C:\Program Files\MATLAB\R2010a\bin\win32\LIBEXPAT.dll
0x78130000 - 0x781cb000 	C:\WINDOWS\WinSxS\x86_Microsoft.VC80.CRT_1fc8b3b9a1e18e3b_8.0.50727.4053_x-ww_e6967989\MSVCR80.dll
0x7bd50000 - 0x7be38000 	C:\Program Files\MATLAB\R2010a\bin\win32\icuuc40.dll
0x77dc0000 - 0x77e6b000 	C:\WINDOWS\system32\ADVAPI32.dll
0x77e70000 - 0x77f02000 	C:\WINDOWS\system32\RPCRT4.dll
0x77fe0000 - 0x77ff1000 	C:\WINDOWS\system32\Secur32.dll
0x7b4b0000 - 0x7b4b4000 	C:\Program Files\MATLAB\R2010a\bin\win32\icudt40.dll
0x7b4c0000 - 0x7b4cc000 	C:\Program Files\MATLAB\R2010a\bin\win32\icuio40.dll
0x7b670000 - 0x7b768000 	C:\Program Files\MATLAB\R2010a\bin\win32\icuin40.dll
0x7c420000 - 0x7c4a7000 	C:\WINDOWS\WinSxS\x86_Microsoft.VC80.CRT_1fc8b3b9a1e18e3b_8.0.50727.4053_x-ww_e6967989\MSVCP80.dll
0x77d30000 - 0x77dc0000 	C:\WINDOWS\system32\USER32.dll
0x77f10000 - 0x77f58000 	C:\WINDOWS\system32\GDI32.dll
0x78770000 - 0x787ee000 	C:\Program Files\MATLAB\R2010a\bin\win32\libmwfl.dll
0x7d160000 - 0x7d16e000 	C:\Program Files\MATLAB\R2010a\bin\win32\boost_date_time-vc80-mt-1_36.dll
0x7d330000 - 0x7d346000 	C:\Program Files\MATLAB\R2010a\bin\win32\boost_filesystem-vc80-mt-1_36.dll
0x7c500000 - 0x7c507000 	C:\Program Files\MATLAB\R2010a\bin\win32\boost_system-vc80-mt-1_36.dll
0x7d050000 - 0x7d060000 	C:\Program Files\MATLAB\R2010a\bin\win32\boost_signals-vc80-mt-1_36.dll
0x7b4a0000 - 0x7b4ac000 	C:\Program Files\MATLAB\R2010a\bin\win32\boost_thread-vc80-mt-1_36.dll
0x7ba50000 - 0x7bc63000 	C:\Program Files\MATLAB\R2010a\bin\win32\libmwservices.dll
0x7b9f0000 - 0x7ba4d000 	C:\Program Files\MATLAB\R2010a\bin\win32\libmx.dll
0x78c90000 - 0x78ca3000 	C:\Program Files\MATLAB\R2010a\bin\win32\zlib1.dll
0x7bc70000 - 0x7bd47000 	C:\Program Files\MATLAB\R2010a\bin\win32\libmwmathutil.dll
0x79e30000 - 0x79e6a000 	C:\Program Files\MATLAB\R2010a\bin\win32\mpath.dll
0x7c0a0000 - 0x7c166000 	C:\Program Files\MATLAB\R2010a\bin\win32\mlutil.dll
0x7cfb0000 - 0x7d00e000 	C:\Program Files\MATLAB\R2010a\bin\win32\xmlcore.dll
0x79720000 - 0x798e2000 	C:\Program Files\MATLAB\R2010a\bin\win32\xerces-c_2_7.dll
0x71a90000 - 0x71aa7000 	C:\WINDOWS\system32\WS2_32.dll
0x71a80000 - 0x71a88000 	C:\WINDOWS\system32\WS2HELP.dll
0x00c30000 - 0x01447000 	C:\WINDOWS\system32\SHELL32.dll
0x77f60000 - 0x77fd6000 	C:\WINDOWS\system32\SHLWAPI.dll
0x78720000 - 0x7874e000 	C:\Program Files\MATLAB\R2010a\bin\win32\tbb.dll
0x01450000 - 0x014e7000 	C:\WINDOWS\system32\COMCTL32.dll
0x76390000 - 0x763d9000 	C:\WINDOWS\system32\comdlg32.dll
0x014f0000 - 0x01544000 	C:\WINDOWS\system32\NETAPI32.dll
0x7a0e0000 - 0x7a144000 	C:\Program Files\MATLAB\R2010a\bin\win32\mcr.dll
0x7e890000 - 0x7e8a9000 	C:\Program Files\MATLAB\R2010a\bin\win32\libmwi18n.dll
0x7b4d0000 - 0x7b539000 	C:\Program Files\MATLAB\R2010a\bin\win32\iqm.dll
0x7a6c0000 - 0x7ab7b000 	C:\Program Files\MATLAB\R2010a\bin\win32\m_interpreter.dll
0x7b550000 - 0x7b561000 	C:\Program Files\MATLAB\R2010a\bin\win32\libmex.dll
0x79fb0000 - 0x7a017000 	C:\Program Files\MATLAB\R2010a\bin\win32\m_dispatcher.dll
0x7d280000 - 0x7d31d000 	C:\Program Files\MATLAB\R2010a\bin\win32\boost_regex-vc80-mt-1_36.dll
0x79ec0000 - 0x79f1b000 	C:\Program Files\MATLAB\R2010a\bin\win32\profiler.dll
0x7b5d0000 - 0x7b5f2000 	C:\Program Files\MATLAB\R2010a\bin\win32\libmwmathrng.dll
0x78c00000 - 0x78c12000 	C:\Program Files\MATLAB\R2010a\bin\win32\m_pcodeio.dll
0x79df0000 - 0x79e27000 	C:\Program Files\MATLAB\R2010a\bin\win32\m_ir.dll
0x7a1d0000 - 0x7a6bd000 	C:\Program Files\MATLAB\R2010a\bin\win32\m_parser.dll
0x7b540000 - 0x7b54e000 	C:\Program Files\MATLAB\R2010a\bin\win32\ir_xfmr.dll
0x787f0000 - 0x7894e000 	C:\Program Files\MATLAB\R2010a\bin\win32\mcos.dll
0x7b610000 - 0x7b61a000 	C:\Program Files\MATLAB\R2010a\bin\win32\mtok.dll
0x78be0000 - 0x78bfa000 	C:\Program Files\MATLAB\R2010a\bin\win32\m_pcodegen.dll
0x7e810000 - 0x7e844000 	C:\Program Files\MATLAB\R2010a\bin\win32\libmwspmatrix.dll
0x7e850000 - 0x7e871000 	C:\Program Files\MATLAB\R2010a\bin\win32\libmwbridge.dll
0x7b180000 - 0x7b209000 	C:\Program Files\MATLAB\R2010a\bin\win32\udd.dll
0x7be40000 - 0x7bf3f000 	C:\Program Files\MATLAB\R2010a\bin\win32\libmwgui.dll
0x78cf0000 - 0x7914f000 	C:\Program Files\MATLAB\R2010a\bin\win32\hg.dll
0x78b60000 - 0x78b92000 	C:\Program Files\MATLAB\R2010a\bin\win32\libmat.dll
0x7b770000 - 0x7b939000 	C:\Program Files\MATLAB\R2010a\bin\win32\libhdf5.dll
0x79d40000 - 0x79d96000 	C:\Program Files\MATLAB\R2010a\bin\win32\jmi.dll
0x79a40000 - 0x79a70000 	C:\Program Files\MATLAB\R2010a\bin\win32\libmwhardcopy.dll
0x79da0000 - 0x79de3000 	C:\Program Files\MATLAB\R2010a\bin\win32\libuij.dll
0x78630000 - 0x7871f000 	C:\Program Files\MATLAB\R2010a\bin\win32\hgdatatypes.dll
0x785c0000 - 0x78628000 	C:\Program Files\MATLAB\R2010a\bin\win32\hgutils.dll
0x78ba0000 - 0x78bd4000 	C:\Program Files\MATLAB\R2010a\bin\win32\libmwlapack.dll
0x7b580000 - 0x7b58e000 	C:\Program Files\MATLAB\R2010a\bin\win32\libmwbinder.dll
0x7b210000 - 0x7b492000 	C:\Program Files\MATLAB\R2010a\bin\win32\uiw.dll
0x7b660000 - 0x7b669000 	C:\Program Files\MATLAB\R2010a\bin\win32\uinone.dll
0x781d0000 - 0x782e0000 	C:\WINDOWS\WinSxS\x86_Microsoft.VC80.MFC_1fc8b3b9a1e18e3b_8.0.50727.4053_x-ww_b77cec8e\MFC80.DLL
0x72fc0000 - 0x72fe6000 	C:\WINDOWS\system32\WINSPOOL.DRV
0x774d0000 - 0x7760c000 	C:\WINDOWS\system32\ole32.dll
0x77110000 - 0x7719c000 	C:\WINDOWS\system32\OLEAUT32.dll
0x7a150000 - 0x7a1cc000 	C:\Program Files\MATLAB\R2010a\bin\win32\udd_mi.dll
0x78c20000 - 0x78c37000 	C:\Program Files\MATLAB\R2010a\bin\win32\mwoles05.DLL
0x79e70000 - 0x79eb9000 	C:\Program Files\MATLAB\R2010a\bin\win32\comcli.dll
0x7c630000 - 0x7c64b000 	C:\WINDOWS\WinSxS\x86_Microsoft.VC80.ATL_1fc8b3b9a1e18e3b_8.0.50727.4053_x-ww_473666fd\ATL80.DLL
0x7b600000 - 0x7b60b000 	C:\Program Files\MATLAB\R2010a\bin\win32\mlautoregister.dll
0x773c0000 - 0x774c2000 	C:\WINDOWS\WinSxS\x86_Microsoft.Windows.Common-Controls_6595b64144ccf1df_6.0.2600.2180_x-ww_a84f1ff9\comctl32.dll
0x02f10000 - 0x02f48000 	C:\WINDOWS\system32\uxtheme.dll
0x746f0000 - 0x7473b000 	C:\WINDOWS\system32\MSCTF.dll
0x10000000 - 0x1000a000 	C:\Program Files\SweetIM\Messenger\mgAdaptersProxy.dll
0x7c360000 - 0x7c3b6000 	C:\Program Files\SweetIM\Messenger\MSVCR71.dll
0x76d50000 - 0x76d69000 	C:\WINDOWS\system32\iphlpapi.dll
0x74250000 - 0x74254000 	C:\WINDOWS\system32\icmp.Dll
0x79ae0000 - 0x79d36000 	C:\Program Files\MATLAB\R2010a\sys\java\jre\win32\jre\bin\client\jvm.dll
0x76b30000 - 0x76b5d000 	C:\WINDOWS\system32\WINMM.dll
0x03010000 - 0x030b1000 	C:\WINDOWS\system32\DBGHELP.dll
0x77bf0000 - 0x77bf8000 	C:\WINDOWS\system32\VERSION.dll
0x79f70000 - 0x79f78000 	C:\Program Files\MATLAB\R2010a\sys\java\jre\win32\jre\bin\hpi.dll
0x79f90000 - 0x79f9c000 	C:\Program Files\MATLAB\R2010a\sys\java\jre\win32\jre\bin\verify.dll
0x78cb0000 - 0x78ccf000 	C:\Program Files\MATLAB\R2010a\sys\java\jre\win32\jre\bin\java.dll
0x79fa0000 - 0x79faf000 	C:\Program Files\MATLAB\R2010a\sys\java\jre\win32\jre\bin\zip.dll
0x798f0000 - 0x79a3a000 	C:\Program Files\MATLAB\R2010a\sys\java\jre\win32\jre\bin\awt.dll
0x76370000 - 0x7638d000 	C:\WINDOWS\system32\IMM32.dll
0x78c40000 - 0x78c5e000 	C:\Program Files\MATLAB\R2010a\bin\win32\nativejava.dll
0x71b00000 - 0x71b12000 	C:\WINDOWS\system32\MPR.dll
0x78c60000 - 0x78c85000 	C:\Program Files\MATLAB\R2010a\bin\win32\nativejmi.dll
0x7b650000 - 0x7b65a000 	C:\Program Files\MATLAB\R2010a\bin\win32\nativeservices.dll
0x7a020000 - 0x7a074000 	C:\Program Files\MATLAB\R2010a\sys\java\jre\win32\jre\bin\fontmanager.dll
0x78cd0000 - 0x78ce3000 	C:\Program Files\MATLAB\R2010a\sys\java\jre\win32\jre\bin\net.dll
0x79f80000 - 0x79f89000 	C:\Program Files\MATLAB\R2010a\sys\java\jre\win32\jre\bin\nio.dll
0x78300000 - 0x7830c000 	C:\Program Files\MATLAB\R2010a\bin\win32\nativelmgr.dll
0x0b410000 - 0x0b434000 	C:\Program Files\MATLAB\R2010a\sys\java\jre\win32\jre\bin\jpeg.dll
0x78310000 - 0x784a4000 	C:\Program Files\MATLAB\R2010a\bin\win32\instutil.dll
0x74d30000 - 0x74d4e000 	C:\WINDOWS\system32\wshbth.dll
0x77910000 - 0x77a04000 	C:\WINDOWS\system32\SETUPAPI.dll
0x71a30000 - 0x71a70000 	C:\WINDOWS\System32\mswsock.dll
0x76f10000 - 0x76f37000 	C:\WINDOWS\system32\DNSAPI.dll
0x76fa0000 - 0x76fa8000 	C:\WINDOWS\System32\winrnr.dll
0x76f50000 - 0x76f7d000 	C:\WINDOWS\system32\WLDAP32.dll
0x76fb0000 - 0x76fb6000 	C:\WINDOWS\system32\rasadhlp.dll
0x7b640000 - 0x7b64b000 	C:\Program Files\MATLAB\R2010a\bin\win32\nativelex.dll
0x7b620000 - 0x7b637000 	C:\Program Files\MATLAB\R2010a\bin\win32\nativecmdwin.dll
0x0ffd0000 - 0x0fff8000 	C:\WINDOWS\system32\rsaenh.dll
0x769b0000 - 0x76a64000 	C:\WINDOWS\system32\USERENV.dll
0x7c1b0000 - 0x7c1b8000 	C:\Program Files\MATLAB\R2010a\bin\win32\nativemlint.dll
0x0adc0000 - 0x0ae15000 	C:\Program Files\MATLAB\R2010a\bin\win32\mlint.dll
0x79ab0000 - 0x79ad3000 	C:\Program Files\MATLAB\R2010a\sys\java\jre\win32\jre\bin\dcpr.dll
0x7e5a0000 - 0x7e65a000 	C:\WINDOWS\System32\spool\DRIVERS\W32X86\3\UNIDRVUI.DLL
0x78750000 - 0x7875f000 	C:\Program Files\MATLAB\R2010a\bin\win32\tbbmalloc.dll
0x791d0000 - 0x7967c000 	C:\Program Files\MATLAB\R2010a\bin\win32\libmwmathelem.dll
0x79150000 - 0x791ce000 	C:\Program Files\MATLAB\R2010a\bin\win32\libmwmathcore.dll
0x79f20000 - 0x79f6b000 	C:\Program Files\MATLAB\R2010a\bin\win32\libmwcholmod.dll

VM Arguments:
jvm_args: -Xss512k -XX:PermSize=32m -Xms64m -XX:NewRatio=3 -XX:MaxPermSize=64m -Xmx128m -XX:MaxDirectMemorySize=1200000000 -Dsun.java2d.noddraw=true -Dsun.awt.nopixfmt=true -Xshare:off -Xrs -Djava.library.path=C:\Program Files\MATLAB\R2010a\bin\win32 vfprintf abort 
java_command: <unknown>
Launcher Type: generic

Environment Variables:
PATH=C:\WINDOWS\system32;C:\WINDOWS;C:\WINDOWS\System32\Wbem;C:\Program Files\ATI Technologies\ATI.ACE\Core-Static;C:\Program Files\MATLAB\R2010a\runtime\win32;C:\Program Files\MATLAB\R2010a\bin;C:\Program Files\MATLAB\R2007b\bin;C:\Program Files\MATLAB\R2007b\bin\win32;C:\Program Files\Common Files\Nero\Lib\
USERNAME=Jindøich Klíma
OS=Windows_NT
PROCESSOR_IDENTIFIER=x86 Family 6 Model 15 Stepping 10, GenuineIntel



---------------  S Y S T E M  ---------------

OS: Windows XP Build 2600 Service Pack 2

CPU:total 2 (2 cores per cpu, 1 threads per core) family 6 model 15 stepping 10, cmov, cx8, fxsr, mmx, sse, sse2, sse3, ssse3

Memory: 4k page, physical 2095468k(1385768k free), swap 4033552k(3219972k free)

vm_info: Java HotSpot(TM) Client VM (11.2-b01) for windows-x86 JRE (1.6.0_12-b04), built on Jan 17 2009 09:57:14 by "java_re" with MS VC++ 7.1

time: Fri Jan 21 11:40:50 2011
elapsed time: 1967 seconds

